<?xml version="1.0" encoding="UTF-8"?>
<!-- Generated by org.testng.reporters.JUnitReportReporter -->
<testsuite hostname="LAPTOP-SK81EO6B" failures="0" tests="1" name="testcase.TestCollectionPage" time="32.277" errors="0" timestamp="2023-01-30T16:30:40 IST" skipped="0">
  <testcase classname="testcase.TestCollectionPage" name="testCollectionPage" time="32.277"/>
  <system-out/>
</testsuite> <!-- testcase.TestCollectionPage -->
